<?xml version="1.0" encoding="UTF-8"?>
<testsuite name="CellTests" tests="1" skipped="0" failures="0" errors="0" timestamp="2023-12-19T18:16:08" hostname="lmde5" time="0.002">
  <properties/>
  <testcase name="constructorCellTests" classname="CellTests" time="0.002"/>
  <system-out><![CDATA[]]></system-out>
  <system-err><![CDATA[]]></system-err>
</testsuite>
