<?xml version="1.0" encoding="UTF-8"?>
<testsuite name="CellColorTests" tests="4" skipped="0" failures="0" errors="0" timestamp="2023-12-19T18:16:08" hostname="lmde5" time="0.003">
  <properties/>
  <testcase name="fieldsCellColorTests" classname="CellColorTests" time="0.0"/>
  <testcase name="typesCellColorTests" classname="CellColorTests" time="0.002"/>
  <testcase name="constructorCellColorTests" classname="CellColorTests" time="0.001"/>
  <testcase name="getterCellColorTests" classname="CellColorTests" time="0.0"/>
  <system-out><![CDATA[]]></system-out>
  <system-err><![CDATA[]]></system-err>
</testsuite>
