<?xml version="1.0" encoding="UTF-8"?>
<testsuite name="PieceTests" tests="3" skipped="0" failures="0" errors="0" timestamp="2023-12-19T18:16:08" hostname="lmde5" time="0.001">
  <properties/>
  <testcase name="fieldsPieceColorTests" classname="PieceTests" time="0.0"/>
  <testcase name="getterPieceColorTests" classname="PieceTests" time="0.0"/>
  <testcase name="constructorPieceColorTests" classname="PieceTests" time="0.001"/>
  <system-out><![CDATA[]]></system-out>
  <system-err><![CDATA[]]></system-err>
</testsuite>
