<?xml version="1.0" encoding="UTF-8"?>
<testsuite name="CoordinateTests" tests="1" skipped="0" failures="0" errors="0" timestamp="2023-12-19T17:10:37" hostname="lmde5" time="0.003">
  <properties/>
  <testcase name="testSolution" classname="CoordinateTests" time="0.003"/>
  <system-out><![CDATA[]]></system-out>
  <system-err><![CDATA[]]></system-err>
</testsuite>
